2021-06-02 17:29:34,125 - pyswarms.single.local_best - INFO - Optimize for 10 iters with {'c1': 1.1753004185783413, 'c2': 7.499090551934914, 'w': 3.1300749409943975, 'k': 12, 'p': 1}
2021-06-02 17:29:34,143 - pyswarms.single.local_best - INFO - Optimization finished | best cost: 3.6775737990014408, best pos: [0.22810256 0.58848473 0.0489908  0.31221663 0.40091143 0.12512781
 0.10523914 0.15971008 0.07889319 0.22079139 0.21903045 0.72005805
 0.76368857 0.213594   0.8157464  0.02775608 0.06887923 0.89069705
 0.28897796 0.41024373]
2021-06-02 17:29:34,147 - pyswarms.single.local_best - INFO - Optimize for 10 iters with {'c1': 1.6739969223271247, 'c2': 7.110238819378335, 'w': 4.205232415979882, 'k': 14, 'p': 1}
2021-06-02 17:29:34,153 - pyswarms.single.local_best - INFO - Optimization finished | best cost: 3.905089191187544, best pos: [0.60911111 0.36461801 0.3469013  0.34888526 0.28338004 0.45694006
 0.16138316 0.69858673 0.86638891 0.00316395 0.13579969 0.04770672
 0.49344109 0.36154213 0.4746981  0.00123538 0.32496562 0.45499284
 0.31138423 0.75856678]
2021-06-02 17:29:34,158 - pyswarms.single.local_best - INFO - Optimize for 10 iters with {'c1': 2.9613338673740404, 'c2': 6.282647223701947, 'w': 2.4033986508064524, 'k': 14, 'p': 1}
2021-06-02 17:29:34,164 - pyswarms.single.local_best - INFO - Optimization finished | best cost: 4.0497062819480085, best pos: [0.08319015 0.14962937 0.65465959 0.46891879 0.79562266 0.33370521
 0.17625911 0.31192755 0.15457694 0.17123776 0.26787544 0.02352424
 0.62498927 0.53457677 0.84128803 0.21302331 0.36839832 0.66473788
 0.5423971  0.26897629]
2021-06-02 17:29:34,168 - pyswarms.single.local_best - INFO - Optimize for 10 iters with {'c1': 3.336924609332026, 'c2': 6.637262718624755, 'w': 2.899176963948898, 'k': 12, 'p': 1}
2021-06-02 17:29:34,174 - pyswarms.single.local_best - INFO - Optimization finished | best cost: 4.857638441414032, best pos: [0.54053908 0.73421248 0.33386637 0.05039088 0.10333686 0.64138692
 0.36076573 0.55162325 0.76694654 0.76962057 0.19730317 0.67662996
 0.43846591 0.43132111 0.37598638 0.30840241 0.53771446 0.48113546
 0.46290697 0.17008122]
2021-06-02 17:29:34,178 - pyswarms.single.local_best - INFO - Optimize for 10 iters with {'c1': 2.1501355169571204, 'c2': 7.800395311997489, 'w': 2.486569795796284, 'k': 11, 'p': 1}
2021-06-02 17:29:34,185 - pyswarms.single.local_best - INFO - Optimization finished | best cost: 4.505903091420413, best pos: [0.41038817 0.16729858 0.12397733 0.89798442 0.48092511 0.44173893
 0.40474456 0.5427567  0.01659888 0.67792738 0.2139995  0.56976532
 0.21057121 0.50928297 0.47832026 0.12230941 0.27090122 0.02441235
 0.68494053 0.82586235]
2021-06-02 17:29:34,189 - pyswarms.single.local_best - INFO - Optimize for 10 iters with {'c1': 1.2768375795559028, 'c2': 8.494838496388027, 'w': 3.2586585371076904, 'k': 13, 'p': 1}
2021-06-02 17:29:34,196 - pyswarms.single.local_best - INFO - Optimization finished | best cost: 3.3864077664867334, best pos: [0.90873999 0.11109975 0.33247848 0.50729254 0.72891567 0.56900155
 0.43141997 0.11225441 0.68037273 0.09685239 0.35483266 0.17097621
 0.17089185 0.36990686 0.04911775 0.31859768 0.16468864 0.26591558
 0.01529429 0.36210149]
2021-06-02 17:29:34,199 - pyswarms.single.local_best - INFO - Optimize for 10 iters with {'c1': 1.401256218285957, 'c2': 6.142517940223454, 'w': 3.756770038910316, 'k': 12, 'p': 1}
2021-06-02 17:29:34,205 - pyswarms.single.local_best - INFO - Optimization finished | best cost: 3.2827839181008382, best pos: [0.25413395 0.48682622 0.49923902 0.1572626  0.3812274  0.91396084
 0.07832335 0.35129244 0.5998968  0.38645606 0.65599214 0.27195949
 0.14379316 0.50448063 0.20852528 0.22914105 0.30572582 0.13271321
 0.05297902 0.31378932]
2021-06-02 17:29:34,209 - pyswarms.single.local_best - INFO - Optimize for 10 iters with {'c1': 1.1875929668026615, 'c2': 9.063375511384752, 'w': 2.4256320609190563, 'k': 11, 'p': 1}
2021-06-02 17:29:34,215 - pyswarms.single.local_best - INFO - Optimization finished | best cost: 4.41723089087517, best pos: [0.04164671 0.10820316 0.70278623 0.8280964  0.11292937 0.43823886
 0.63174841 0.8679486  0.21524158 0.17315616 0.57390413 0.17504476
 0.23426126 0.17170441 0.33567639 0.73013413 0.32535271 0.34104843
 0.31355272 0.61640218]
2021-06-02 17:29:34,219 - pyswarms.single.local_best - INFO - Optimize for 10 iters with {'c1': 1.9866743935162177, 'c2': 7.450982553722849, 'w': 3.7324242477617613, 'k': 11, 'p': 1}
2021-06-02 17:29:34,226 - pyswarms.single.local_best - INFO - Optimization finished | best cost: 4.212310777812996, best pos: [0.17619429 0.74817553 0.67292081 0.08469152 0.21981546 0.24135874
 0.35411972 0.78481157 0.51710161 0.09328069 0.44932301 0.0857871
 0.55458387 0.31891862 0.72642883 0.07667026 0.72297338 0.15369573
 0.54051129 0.21665869]
2021-06-02 17:29:34,229 - pyswarms.single.local_best - INFO - Optimize for 10 iters with {'c1': 1.2661193760762073, 'c2': 7.395705072657741, 'w': 4.1658454465637424, 'k': 14, 'p': 1}
2021-06-02 17:29:34,235 - pyswarms.single.local_best - INFO - Optimization finished | best cost: 4.224300480945897, best pos: [0.7023817  0.59260539 0.39076321 0.12602801 0.68482993 0.31217539
 0.83147851 0.38375082 0.3266292  0.19095458 0.08394519 0.38853983
 0.51349574 0.08397245 0.11652433 0.86637555 0.64488115 0.20186887
 0.08317723 0.08073666]
2021-06-02 17:29:34,239 - pyswarms.single.local_best - INFO - Optimize for 10 iters with {'c1': 3.1567412340579746, 'c2': 7.254242498643864, 'w': 2.023661626060163, 'k': 12, 'p': 1}
2021-06-02 17:29:34,246 - pyswarms.single.local_best - INFO - Optimization finished | best cost: 4.804022745633006, best pos: [0.02592702 0.13821194 0.34578884 0.15640343 0.92126409 0.14779173
 0.5227921  0.29149149 0.92218143 0.55510985 0.81416313 0.16331325
 0.33083169 0.2353635  0.21821263 0.23832958 0.9677743  0.04306749
 0.57576539 0.15510607]
2021-06-02 17:29:34,249 - pyswarms.single.local_best - INFO - Optimize for 10 iters with {'c1': 3.698061519786295, 'c2': 9.151258550687462, 'w': 3.586678678266386, 'k': 14, 'p': 1}
2021-06-02 17:29:34,256 - pyswarms.single.local_best - INFO - Optimization finished | best cost: 3.617073552547192, best pos: [0.61049819 0.00576693 0.23372491 0.04342323 0.11305397 0.75029387
 0.03240062 0.85337355 0.47947532 0.57286447 0.0826555  0.33767428
 0.08512705 0.86890853 0.32162895 0.05570303 0.18313267 0.46219807
 0.22964235 0.18755796]
2021-06-02 17:29:34,260 - pyswarms.single.local_best - INFO - Optimize for 10 iters with {'c1': 2.836844494884665, 'c2': 6.49337951881484, 'w': 2.522933114835921, 'k': 13, 'p': 1}
2021-06-02 17:29:34,266 - pyswarms.single.local_best - INFO - Optimization finished | best cost: 4.5679965940540646, best pos: [0.56788772 0.19368827 0.23105065 0.48309458 0.37828297 0.46345294
 0.16550733 0.02159408 0.47560381 0.78884428 0.23474452 0.48470803
 0.64969824 0.52872208 0.06046212 0.37368235 0.16353866 0.71024975
 0.82037712 0.58973402]
2021-06-02 17:29:34,270 - pyswarms.single.local_best - INFO - Optimize for 10 iters with {'c1': 1.8084447098198217, 'c2': 7.127992511143329, 'w': 2.1009746036413968, 'k': 13, 'p': 1}
2021-06-02 17:29:34,278 - pyswarms.single.local_best - INFO - Optimization finished | best cost: 3.854647266159463, best pos: [0.1417161  0.3668803  0.15502308 0.05276353 0.1016959  0.86851247
 0.13859708 0.51871693 0.02046099 0.3954349  0.72589082 0.32806746
 0.12159673 0.87470329 0.81746796 0.22326157 0.10083168 0.26812048
 0.27625729 0.41535053]
2021-06-02 17:29:34,281 - pyswarms.single.local_best - INFO - Optimize for 10 iters with {'c1': 3.265983336853329, 'c2': 6.988694678206638, 'w': 3.82455281826949, 'k': 14, 'p': 1}
2021-06-02 17:29:34,288 - pyswarms.single.local_best - INFO - Optimization finished | best cost: 5.246945817699681, best pos: [0.80479851 0.17317609 0.08753667 0.33991183 0.45381655 0.41426243
 0.02138324 0.6377701  0.19259392 0.09881542 0.25239227 0.63190044
 0.33589137 0.50082969 0.15844063 0.73292732 0.48720408 0.98007509
 0.57438138 0.83525838]
2021-06-02 17:29:34,291 - pyswarms.single.local_best - INFO - Optimize for 10 iters with {'c1': 1.7082591966063387, 'c2': 8.86397537304666, 'w': 2.456847700936529, 'k': 13, 'p': 1}
2021-06-02 17:29:34,297 - pyswarms.single.local_best - INFO - Optimization finished | best cost: 2.948272072880804, best pos: [0.2937648  0.11905962 0.09692265 0.49013354 0.06972715 0.09512977
 0.51575343 0.35826449 0.6694238  0.28282222 0.27304483 0.19937655
 0.41003411 0.53486421 0.10038867 0.36659932 0.04655207 0.28651501
 0.13187297 0.92041157]
2021-06-02 17:29:34,301 - pyswarms.single.local_best - INFO - Optimize for 10 iters with {'c1': 1.7982946728715907, 'c2': 6.039680611805574, 'w': 3.6272576798774185, 'k': 12, 'p': 1}
2021-06-02 17:29:34,308 - pyswarms.single.local_best - INFO - Optimization finished | best cost: 3.504564737588334, best pos: [0.05284263 0.37883023 0.10707615 0.12353067 0.25078181 0.25354014
 0.81477268 0.13568608 0.42667646 0.14792019 0.47576625 0.36077307
 0.19186742 0.29106745 0.31926951 0.72096767 0.07575445 0.01854464
 0.61891041 0.91063613]
2021-06-02 17:29:34,312 - pyswarms.single.local_best - INFO - Optimize for 10 iters with {'c1': 4.609006958685088, 'c2': 8.915748486750402, 'w': 4.856805510615573, 'k': 14, 'p': 1}
2021-06-02 17:29:34,318 - pyswarms.single.local_best - INFO - Optimization finished | best cost: 3.925654350761592, best pos: [0.21743945 0.73089541 0.54877257 0.10245302 0.05354144 0.19112063
 0.42634205 0.28398837 0.0073414  0.1723449  0.00806266 0.71668605
 0.0802728  0.35786222 0.99173645 0.60217592 0.57779458 0.21902091
 0.29384549 0.48828176]
2021-06-02 17:29:34,322 - pyswarms.single.local_best - INFO - Optimize for 10 iters with {'c1': 3.0223044977915072, 'c2': 9.757694919480969, 'w': 2.5843685645727064, 'k': 11, 'p': 1}
2021-06-02 17:29:34,328 - pyswarms.single.local_best - INFO - Optimization finished | best cost: 3.967282304159971, best pos: [0.35094473 0.01537306 0.82747293 0.64694142 0.3848187  0.01875822
 0.38279805 0.68037558 0.08216807 0.02920143 0.63104285 0.20716044
 0.20160683 0.17588363 0.2005134  0.60604932 0.83879192 0.15457238
 0.05035088 0.57003529]
2021-06-02 17:29:34,332 - pyswarms.single.local_best - INFO - Optimize for 10 iters with {'c1': 2.2946838856740768, 'c2': 8.649750102599004, 'w': 3.05543638335316, 'k': 12, 'p': 1}
2021-06-02 17:29:34,340 - pyswarms.single.local_best - INFO - Optimization finished | best cost: 4.161446558464527, best pos: [0.44791047 0.18634437 0.26560887 0.83033838 0.02890851 0.43379866
 0.30263705 0.19529159 0.26706738 0.06352957 0.25300958 0.22515648
 0.71625415 0.19803084 0.27349805 0.64250887 0.3702326  0.85898643
 0.46934219 0.72263848]
2021-06-02 17:29:34,344 - pyswarms.single.local_best - INFO - Optimize for 10 iters with {'c1': 4.51939106090402, 'c2': 6.192084270738649, 'w': 4.212056910624843, 'k': 13, 'p': 1}
2021-06-02 17:29:34,352 - pyswarms.single.local_best - INFO - Optimization finished | best cost: 3.350623367955544, best pos: [0.01661236 0.20118854 0.12594733 0.18701902 0.34280771 0.39544439
 0.12585651 0.51892961 0.21843877 0.7984005  0.34639281 0.59269455
 0.00861002 0.07146823 0.96818474 0.46869241 0.20484683 0.26620598
 0.20961516 0.4738928 ]
2021-06-02 17:29:34,356 - pyswarms.single.local_best - INFO - Optimize for 10 iters with {'c1': 4.482477739607195, 'c2': 8.343109748588347, 'w': 4.139358221565516, 'k': 11, 'p': 1}
2021-06-02 17:29:34,364 - pyswarms.single.local_best - INFO - Optimization finished | best cost: 4.0065222384436385, best pos: [0.50955616 0.07531975 0.62719634 0.10156794 0.20257128 0.75975093
 0.90270216 0.1371064  0.80776961 0.69309735 0.21847328 0.11176566
 0.06399244 0.32774554 0.17478337 0.51556985 0.44478223 0.16588812
 0.10082508 0.22157885]
2021-06-02 17:29:34,368 - pyswarms.single.local_best - INFO - Optimize for 10 iters with {'c1': 2.6161648971249356, 'c2': 8.320252175430722, 'w': 4.241015597970085, 'k': 11, 'p': 1}
2021-06-02 17:29:34,374 - pyswarms.single.local_best - INFO - Optimization finished | best cost: 3.900986706726492, best pos: [0.11018109 0.57103844 0.22216179 0.01721821 0.01769557 0.37840633
 0.05910846 0.38167634 0.82973759 0.28171315 0.95941047 0.09996969
 0.07103977 0.8745878  0.68805065 0.02250121 0.20968501 0.22813813
 0.1115908  0.41207712]
2021-06-02 17:29:34,378 - pyswarms.single.local_best - INFO - Optimize for 10 iters with {'c1': 2.605543287949902, 'c2': 8.481588747843464, 'w': 4.398566553839673, 'k': 12, 'p': 1}
2021-06-02 17:29:34,386 - pyswarms.single.local_best - INFO - Optimization finished | best cost: 3.0239980792028334, best pos: [0.2169842  0.32941551 0.37349149 0.08941999 0.11243109 0.29621064
 0.41217692 0.75288068 0.50880089 0.23357864 0.68456923 0.17231761
 0.32064782 0.16502223 0.20109279 0.43878802 0.69953928 0.06407343
 0.43131441 0.17184257]
2021-06-02 17:29:34,389 - pyswarms.single.local_best - INFO - Optimize for 10 iters with {'c1': 1.5254342697470635, 'c2': 7.269338863453331, 'w': 3.3864401311624044, 'k': 11, 'p': 1}
2021-06-02 17:29:34,397 - pyswarms.single.local_best - INFO - Optimization finished | best cost: 3.6290105081730926, best pos: [0.50921324 0.60755758 0.26986249 0.17725701 0.08065078 0.1756957
 0.40457243 0.32188116 0.00523529 0.07721598 0.58295586 0.03825567
 0.44619464 0.04207054 0.93098247 0.10523882 0.18070903 0.70572204
 0.63832011 0.47704788]
2021-06-02 17:29:34,401 - pyswarms.single.local_best - INFO - Optimize for 10 iters with {'c1': 4.710349267322208, 'c2': 6.541396883281362, 'w': 2.7944369279429475, 'k': 13, 'p': 1}
2021-06-02 17:29:34,409 - pyswarms.single.local_best - INFO - Optimization finished | best cost: 4.1898837441308645, best pos: [0.16028273 0.47738884 0.16162157 0.35427995 0.6151432  0.07028812
 0.91743378 0.47684493 0.57643828 0.49962667 0.04994554 0.34721768
 0.31764765 0.71151088 0.05389176 0.11542068 0.06271303 0.35744074
 0.79471988 0.49054744]
2021-06-02 17:29:34,413 - pyswarms.single.local_best - INFO - Optimize for 10 iters with {'c1': 2.548205577649419, 'c2': 7.959350284073747, 'w': 2.790480202427142, 'k': 13, 'p': 1}
2021-06-02 17:29:34,421 - pyswarms.single.local_best - INFO - Optimization finished | best cost: 3.689907013160709, best pos: [0.33487935 0.82876554 0.06968049 0.10398981 0.1828123  0.2450178
 0.62514501 0.67643134 0.69039295 0.34103372 0.27242065 0.30852444
 0.21419735 0.30337815 0.03486269 0.61174073 0.41884908 0.02688606
 0.6864219  0.10188928]
2021-06-02 17:29:34,425 - pyswarms.single.local_best - INFO - Optimize for 10 iters with {'c1': 1.2099186457508067, 'c2': 8.602549381614585, 'w': 2.972369952691243, 'k': 12, 'p': 1}
2021-06-02 17:29:34,433 - pyswarms.single.local_best - INFO - Optimization finished | best cost: 4.312458730254542, best pos: [0.43948665 0.29453187 0.04473174 0.9227227  0.30380483 0.33318803
 0.78196479 0.27513695 0.21384225 0.22791434 0.72041786 0.4075422
 0.42808344 0.20326273 0.56762076 0.60672073 0.64572533 0.25083377
 0.26191683 0.20625821]
2021-06-02 17:29:34,438 - pyswarms.single.local_best - INFO - Optimize for 10 iters with {'c1': 1.1743758468898489, 'c2': 9.154390714258811, 'w': 4.712051817176361, 'k': 12, 'p': 1}
2021-06-02 17:29:34,447 - pyswarms.single.local_best - INFO - Optimization finished | best cost: 3.2169162537958567, best pos: [0.230695   0.6811372  0.33736995 0.33553927 0.22725149 0.09684302
 0.48684448 0.66574557 0.23990652 0.23546266 0.26858307 0.43292086
 0.894069   0.14268388 0.52837662 0.39796226 0.19777128 0.05625016
 0.09756629 0.22463486]
2021-06-02 17:29:34,451 - pyswarms.single.local_best - INFO - Optimize for 10 iters with {'c1': 4.038457261251233, 'c2': 8.17679808452071, 'w': 4.5936332854684885, 'k': 13, 'p': 1}
2021-06-02 17:29:34,460 - pyswarms.single.local_best - INFO - Optimization finished | best cost: 3.765391563896817, best pos: [0.20665653 0.37812418 0.22806819 0.32765612 0.44592957 0.39330562
 0.41038462 0.13128059 0.01472319 0.2671676  0.83649728 0.50553583
 0.21675144 0.29878912 0.36835949 0.77876476 0.88731782 0.26826462
 0.24013098 0.24263125]
2021-06-02 17:29:34,465 - pyswarms.single.local_best - INFO - Optimize for 10 iters with {'c1': 4.752026690849432, 'c2': 7.949657431737556, 'w': 3.7038152654295464, 'k': 14, 'p': 1}
2021-06-02 17:29:34,474 - pyswarms.single.local_best - INFO - Optimization finished | best cost: 5.033211721881781, best pos: [0.59554164 0.202411   0.06679376 0.40155284 0.92337053 0.59895453
 0.57724003 0.77971897 0.05970251 0.63618104 0.05346799 0.1012873
 0.26445132 0.04749466 0.26722439 0.67253783 0.6668278  0.8162677
 0.3380893  0.27706791]
2021-06-02 17:29:34,477 - pyswarms.single.local_best - INFO - Optimize for 10 iters with {'c1': 4.817326733600872, 'c2': 8.621587296881401, 'w': 3.6599298017835062, 'k': 11, 'p': 1}
2021-06-02 17:29:34,484 - pyswarms.single.local_best - INFO - Optimization finished | best cost: 3.3535501776883785, best pos: [0.76537588 0.1390919  0.14438558 0.38975927 0.3822291  0.02988214
 0.23320689 0.30090639 0.21829249 0.82655251 0.35801146 0.32680132
 0.22328116 0.72472646 0.20126647 0.14977963 0.69532396 0.01871128
 0.41846156 0.14473821]
2021-06-02 17:29:34,488 - pyswarms.single.local_best - INFO - Optimize for 10 iters with {'c1': 4.990829739849007, 'c2': 8.685947666233393, 'w': 2.0913269303261637, 'k': 12, 'p': 1}
2021-06-02 17:29:34,495 - pyswarms.single.local_best - INFO - Optimization finished | best cost: 4.068599370941222, best pos: [0.52691766 0.00330566 0.15482046 0.35405062 0.10366872 0.19097548
 0.3583198  0.59854078 0.54596886 0.34436645 0.34121492 0.60378873
 0.41116198 0.58923439 0.61256165 0.17421495 0.7260883  0.29334725
 0.69015475 0.44575661]
2021-06-02 17:29:34,500 - pyswarms.single.local_best - INFO - Optimize for 10 iters with {'c1': 2.9139149400288766, 'c2': 9.223219838675941, 'w': 4.918979127395325, 'k': 11, 'p': 1}
2021-06-02 17:29:34,508 - pyswarms.single.local_best - INFO - Optimization finished | best cost: 3.9524930517322012, best pos: [0.65796235 0.64214243 0.34823814 0.07520494 0.09354958 0.02911835
 0.26519208 0.13805775 0.04075873 0.64309312 0.44794833 0.55351612
 0.62460749 0.06358231 0.97240442 0.24356448 0.39039608 0.28817159
 0.3528544  0.44723894]
2021-06-02 17:29:34,512 - pyswarms.single.local_best - INFO - Optimize for 10 iters with {'c1': 3.2952085210019306, 'c2': 9.610471023146427, 'w': 4.681298764571569, 'k': 12, 'p': 1}
2021-06-02 17:29:34,519 - pyswarms.single.local_best - INFO - Optimization finished | best cost: 3.71753935936091, best pos: [0.18285794 0.11364479 0.05102061 0.9763551  0.10581122 0.30258433
 0.16908144 0.61516226 0.23464884 0.29444504 0.40065794 0.30189524
 0.05793896 0.18409623 0.01554435 0.23148011 0.77431558 0.35860999
 0.99628866 0.01711828]
2021-06-02 17:29:34,523 - pyswarms.single.local_best - INFO - Optimize for 10 iters with {'c1': 3.6582596592366436, 'c2': 8.465204257515516, 'w': 2.4024441720268204, 'k': 14, 'p': 1}
2021-06-02 17:29:34,529 - pyswarms.single.local_best - INFO - Optimization finished | best cost: 4.519739882519458, best pos: [0.26347259 0.9791053  0.52716975 0.0289931  0.29123361 0.19604676
 0.08663864 0.51096129 0.03213462 0.07807111 0.18516192 0.97514464
 0.443511   0.84777491 0.40066535 0.03360856 0.74927113 0.27924523
 0.18478393 0.2795546 ]
2021-06-02 17:29:34,533 - pyswarms.single.local_best - INFO - Optimize for 10 iters with {'c1': 3.5574752292943317, 'c2': 8.382904942416834, 'w': 3.238794033554192, 'k': 12, 'p': 1}
2021-06-02 17:29:34,541 - pyswarms.single.local_best - INFO - Optimization finished | best cost: 3.339400032498833, best pos: [0.01028825 0.52343931 0.64875235 0.25459718 0.07058488 0.03889629
 0.43427332 0.22966325 0.60477369 0.36360622 0.31380217 0.8888908
 0.81371461 0.02261991 0.10570363 0.26542175 0.09433192 0.221652
 0.19717748 0.32255378]
2021-06-02 17:29:34,545 - pyswarms.single.local_best - INFO - Optimize for 10 iters with {'c1': 2.6324357185948353, 'c2': 6.680664673290179, 'w': 3.0472394815348713, 'k': 13, 'p': 1}
2021-06-02 17:29:34,551 - pyswarms.single.local_best - INFO - Optimization finished | best cost: 3.7635189682470487, best pos: [0.27909278 0.89317855 0.52079986 0.45246959 0.36382531 0.76065646
 0.43055992 0.20179212 0.1652093  0.08255094 0.18489239 0.22537391
 0.48030511 0.35762527 0.05204695 0.34929044 0.86163175 0.14371629
 0.2878697  0.16280825]
2021-06-02 17:29:34,555 - pyswarms.single.local_best - INFO - Optimize for 10 iters with {'c1': 1.3850174535290933, 'c2': 8.752405719798606, 'w': 2.8507042446324142, 'k': 14, 'p': 1}
2021-06-02 17:29:34,562 - pyswarms.single.local_best - INFO - Optimization finished | best cost: 4.3827250418449895, best pos: [0.20762722 0.21400269 0.4588821  0.36812272 0.25082191 0.00851608
 0.455702   0.93427389 0.15452269 0.77188494 0.28476031 0.45108528
 0.37631127 0.2714637  0.50163262 0.57675628 0.71465055 0.51292632
 0.55776343 0.12434174]
2021-06-02 17:29:34,567 - pyswarms.single.local_best - INFO - Optimize for 10 iters with {'c1': 3.140990313272803, 'c2': 7.01522199243174, 'w': 4.392514643882603, 'k': 11, 'p': 1}
2021-06-02 17:29:34,577 - pyswarms.single.local_best - INFO - Optimization finished | best cost: 4.619685181491818, best pos: [0.27860728 0.60222671 0.35060484 0.31897942 0.83143371 0.29430557
 0.14400078 0.74098412 0.28074336 0.54682688 0.22802464 0.71153715
 0.26268784 0.15625957 0.81631414 0.05408568 0.57561192 0.15989451
 0.61092307 0.42198093]
2021-06-02 17:29:34,583 - pyswarms.single.local_best - INFO - Optimize for 10 iters with {'c1': 1.124971372077927, 'c2': 9.953149149909944, 'w': 2.6845492379396085, 'k': 12, 'p': 1}
2021-06-02 17:29:34,590 - pyswarms.single.local_best - INFO - Optimization finished | best cost: 3.9616162488040594, best pos: [0.4498243  0.60405469 0.23824778 0.82821623 0.12958291 0.77570281
 0.14389999 0.41380282 0.00710554 0.08705831 0.12045498 0.08690082
 0.86426039 0.08750135 0.31580673 0.27788636 0.16769856 0.36199394
 0.53362827 0.66035748]
2021-06-02 17:29:34,609 - pyswarms.single.local_best - INFO - Optimize for 10 iters with {'c1': 1.8017386988901913, 'c2': 6.739236542835613, 'w': 2.5590565797923275, 'k': 11, 'p': 1}
2021-06-02 17:29:34,617 - pyswarms.single.local_best - INFO - Optimization finished | best cost: 4.9458481324985035, best pos: [0.64147959 0.40302753 0.53607496 0.33821621 0.44557165 0.27832247
 0.77364745 0.02827886 0.13271751 0.46834888 0.39399467 0.57899296
 0.37602496 0.83461591 0.07223852 0.0948287  0.83581855 0.40081205
 0.31776031 0.74497889]
2021-06-02 17:29:34,621 - pyswarms.single.local_best - INFO - Optimize for 10 iters with {'c1': 1.5426826712538593, 'c2': 6.366713775194391, 'w': 4.410069131600515, 'k': 11, 'p': 1}
2021-06-02 17:29:34,629 - pyswarms.single.local_best - INFO - Optimization finished | best cost: 3.310285366950297, best pos: [0.22752607 0.51504878 0.13104117 0.40289    0.19756665 0.25750714
 0.39304569 0.52661183 0.11229658 0.36967555 0.18352533 0.5623947
 0.03001709 0.33478264 0.51113838 0.01379554 0.35328532 0.08181886
 0.8305963  0.76258396]
2021-06-02 17:29:34,634 - pyswarms.single.local_best - INFO - Optimize for 10 iters with {'c1': 1.8389222991270016, 'c2': 9.70180439053425, 'w': 3.973079454409861, 'k': 11, 'p': 1}
2021-06-02 17:29:34,644 - pyswarms.single.local_best - INFO - Optimization finished | best cost: 3.3280830273488826, best pos: [0.59369072 0.29267772 0.49803309 0.4064726  0.18785578 0.38842457
 0.2654222  0.13083609 0.15882482 0.37621797 0.3960701  0.21163281
 0.56705477 0.13128118 0.30132175 0.12384564 0.4794107  0.34467006
 0.94996136 0.37224241]
2021-06-02 17:29:34,648 - pyswarms.single.local_best - INFO - Optimize for 10 iters with {'c1': 2.472746117016196, 'c2': 8.793578338229862, 'w': 4.99195332773219, 'k': 12, 'p': 1}
2021-06-02 17:29:34,655 - pyswarms.single.local_best - INFO - Optimization finished | best cost: 4.549528624060283, best pos: [0.51428869 0.12512426 0.47806744 0.247006   0.90789912 0.91211697
 0.02426385 0.38639017 0.41979891 0.02789315 0.12572643 0.11701619
 0.54258164 0.26532569 0.62294566 0.4417731  0.17881415 0.33220885
 0.43165798 0.83096495]
2021-06-02 17:29:34,658 - pyswarms.single.local_best - INFO - Optimize for 10 iters with {'c1': 1.8942492451006059, 'c2': 9.476479173008755, 'w': 4.750079877325945, 'k': 14, 'p': 1}
2021-06-02 17:29:34,666 - pyswarms.single.local_best - INFO - Optimization finished | best cost: 4.0349445464968525, best pos: [0.75879211 0.2614966  0.19733145 0.40326373 0.32606638 0.35148324
 0.87989792 0.07858928 0.55398391 0.0200503  0.3093429  0.24125823
 0.36793574 0.63740255 0.85403378 0.27601804 0.0571874  0.12962229
 0.23812802 0.54202073]
2021-06-02 17:29:34,669 - pyswarms.single.local_best - INFO - Optimize for 10 iters with {'c1': 1.6021389913780442, 'c2': 8.471446888828075, 'w': 4.387109155731919, 'k': 13, 'p': 1}
2021-06-02 17:29:34,677 - pyswarms.single.local_best - INFO - Optimization finished | best cost: 3.925590370152401, best pos: [0.34303024 0.28128921 0.61457593 0.00373291 0.83693089 0.92107937
 0.17984857 0.45365323 0.82020409 0.10478641 0.04756802 0.07121244
 0.20870768 0.29947801 0.45673381 0.20048113 0.19754544 0.21388656
 0.33401015 0.54283004]
2021-06-02 17:29:34,681 - pyswarms.single.local_best - INFO - Optimize for 10 iters with {'c1': 2.4875167621693834, 'c2': 8.432307966954669, 'w': 3.9450157996588144, 'k': 11, 'p': 1}
2021-06-02 17:29:34,688 - pyswarms.single.local_best - INFO - Optimization finished | best cost: 4.290603592664492, best pos: [0.04875983 0.7655545  0.48450245 0.35394003 0.21842231 0.25030604
 0.75973979 0.2431812  0.20077384 0.16713275 0.26103579 0.05853554
 0.37439702 0.00895211 0.21155273 0.99295228 0.10633668 0.756921
 0.8368979  0.00514806]
2021-06-02 17:29:34,693 - pyswarms.single.local_best - INFO - Optimize for 10 iters with {'c1': 2.7613933564531576, 'c2': 9.867345467418172, 'w': 3.1765185780630905, 'k': 14, 'p': 1}
2021-06-02 17:29:34,700 - pyswarms.single.local_best - INFO - Optimization finished | best cost: 4.148081865335992, best pos: [0.10193296 0.67946197 0.30835149 0.10810834 0.09279298 0.37673526
 0.0308507  0.48783289 0.37400282 0.56991718 0.89019971 0.47045896
 0.41262313 0.7907699  0.3379395  0.16435559 0.22256753 0.51683348
 0.39148549 0.54277673]
2021-06-02 17:29:34,704 - pyswarms.single.local_best - INFO - Optimize for 10 iters with {'c1': 1.2467643778052673, 'c2': 8.379167526272191, 'w': 4.125859658545995, 'k': 12, 'p': 1}
2021-06-02 17:29:34,711 - pyswarms.single.local_best - INFO - Optimization finished | best cost: 3.89388319796517, best pos: [0.33169402 0.3415886  0.01124242 0.03015231 0.52480537 0.42697971
 0.20539362 0.57045319 0.15343347 0.24778381 0.2543114  0.55159465
 0.78685421 0.40820888 0.68494327 0.40670734 0.28702021 0.34622475
 0.86585498 0.12103485]
2021-06-02 17:29:34,714 - pyswarms.single.local_best - INFO - Optimize for 10 iters with {'c1': 1.8231103056639473, 'c2': 7.389141499120601, 'w': 2.0117299027357225, 'k': 14, 'p': 1}
2021-06-02 17:29:34,722 - pyswarms.single.local_best - INFO - Optimization finished | best cost: 4.2702641857541, best pos: [0.30908771 0.17232167 0.36897973 0.39836735 0.87938749 0.05379196
 0.93680603 0.30291161 0.94744046 0.15904595 0.50672728 0.11175608
 0.08441187 0.04229951 0.03964487 0.12321318 0.05141979 0.68814104
 0.62196412 0.1540274 ]
2021-06-02 17:29:34,727 - pyswarms.single.local_best - INFO - Optimize for 10 iters with {'c1': 4.795005966839889, 'c2': 9.450339067088358, 'w': 3.508491375646998, 'k': 12, 'p': 1}
2021-06-02 17:29:34,733 - pyswarms.single.local_best - INFO - Optimization finished | best cost: 3.899784751982982, best pos: [0.37318045 0.6615211  0.07321919 0.17867051 0.87768063 0.12399473
 0.19201453 0.58817885 0.52636952 0.58653898 0.26923727 0.3156634
 0.83528675 0.11766619 0.40724305 0.3211131  0.12085227 0.53772246
 0.18835002 0.06437081]
2021-06-02 17:29:34,737 - pyswarms.single.local_best - INFO - Optimize for 10 iters with {'c1': 3.765694579979509, 'c2': 6.833899192859576, 'w': 3.3391573954655684, 'k': 11, 'p': 1}
2021-06-02 17:29:34,744 - pyswarms.single.local_best - INFO - Optimization finished | best cost: 4.555301651195001, best pos: [0.02620437 0.26948391 0.49742077 0.07051381 0.85646657 0.54663639
 0.65562013 0.25256682 0.14449053 0.34389808 0.69631854 0.72945949
 0.26662208 0.2375377  0.5397797  0.15183833 0.08374462 0.83476172
 0.02394313 0.63337477]
2021-06-02 17:29:34,747 - pyswarms.single.local_best - INFO - Optimize for 10 iters with {'c1': 1.2722377473820372, 'c2': 7.509714783738875, 'w': 2.115227873547709, 'k': 13, 'p': 1}
2021-06-02 17:29:34,754 - pyswarms.single.local_best - INFO - Optimization finished | best cost: 2.6668322986428135, best pos: [0.75347729 0.35029394 0.55267617 0.71458238 0.22256876 0.36820583
 0.14514787 0.14800012 0.50555538 0.03216417 0.41713952 0.18949816
 0.16284823 0.08891063 0.19262404 0.15081293 0.25267913 0.51902875
 0.12566535 0.1496559 ]
2021-06-02 17:29:34,757 - pyswarms.single.local_best - INFO - Optimize for 10 iters with {'c1': 4.7925038752266556, 'c2': 8.55560508592398, 'w': 3.722186969433753, 'k': 11, 'p': 1}
2021-06-02 17:29:34,764 - pyswarms.single.local_best - INFO - Optimization finished | best cost: 4.260594830225743, best pos: [0.85391918 0.55879522 0.04053551 0.18594913 0.25391462 0.60600779
 0.00494496 0.08845977 0.83161    0.73648048 0.05017114 0.18767463
 0.7036666  0.00207174 0.24149151 0.215731   0.01102185 0.87022867
 0.30520915 0.14518348]
2021-06-02 17:29:34,768 - pyswarms.single.local_best - INFO - Optimize for 10 iters with {'c1': 1.3480556468837968, 'c2': 9.81177137304893, 'w': 3.4847074546586763, 'k': 14, 'p': 1}
2021-06-02 17:29:34,776 - pyswarms.single.local_best - INFO - Optimization finished | best cost: 3.919426844748301, best pos: [0.03710916 0.11507477 0.05165471 0.27434507 0.49787404 0.95892967
 0.01069352 0.0171586  0.55931904 0.32110994 0.07321453 0.70466892
 0.23027614 0.72232343 0.56630466 0.04497917 0.33046156 0.49677375
 0.63197436 0.29713585]
2021-06-02 17:29:34,780 - pyswarms.single.local_best - INFO - Optimize for 10 iters with {'c1': 1.3978060241689705, 'c2': 6.773254236844574, 'w': 4.128650083533441, 'k': 11, 'p': 1}
2021-06-02 17:29:34,788 - pyswarms.single.local_best - INFO - Optimization finished | best cost: 4.267504900235397, best pos: [0.17813328 0.49226697 0.08638172 0.11628034 0.84291623 0.35883469
 0.05718348 0.42817859 0.05252571 0.891608   0.70696559 0.24829051
 0.09284073 0.16404315 0.11091905 0.440448   0.04453849 0.68296341
 0.79585391 0.49374215]
2021-06-02 17:29:34,792 - pyswarms.single.local_best - INFO - Optimize for 10 iters with {'c1': 3.82008645777235, 'c2': 7.458734163464526, 'w': 3.619972073332865, 'k': 14, 'p': 1}
2021-06-02 17:29:34,799 - pyswarms.single.local_best - INFO - Optimization finished | best cost: 4.16944049890987, best pos: [0.32570581 0.01160133 0.09925748 0.10342442 0.00758943 0.21042403
 0.73402915 0.55762597 0.03207005 0.88058829 0.41069328 0.0194384
 0.98092492 0.68662612 0.17896781 0.11564587 0.10889928 0.46174653
 0.70189343 0.07927577]
2021-06-02 17:29:34,805 - pyswarms.single.local_best - INFO - Optimize for 10 iters with {'c1': 3.5031968399762863, 'c2': 6.040595195682004, 'w': 4.057925698277454, 'k': 12, 'p': 1}
2021-06-02 17:29:34,811 - pyswarms.single.local_best - INFO - Optimization finished | best cost: 4.150546174076687, best pos: [0.76793587 0.06831258 0.20567911 0.18337935 0.29332332 0.75613092
 0.06348637 0.26303808 0.89652686 0.02180974 0.06073324 0.58132357
 0.46795437 0.33635659 0.27757712 0.80661165 0.21321342 0.6193599
 0.22299507 0.25453192]
2021-06-02 17:29:34,815 - pyswarms.single.local_best - INFO - Optimize for 10 iters with {'c1': 1.2460921678937558, 'c2': 6.576178889056003, 'w': 2.7581171745647075, 'k': 13, 'p': 1}
2021-06-02 17:29:34,824 - pyswarms.single.local_best - INFO - Optimization finished | best cost: 4.37837000996433, best pos: [0.26570593 0.74109194 0.51717627 0.88067858 0.05964879 0.04716928
 0.32729483 0.6729999  0.73906194 0.42809348 0.06922096 0.61702043
 0.21066039 0.03799138 0.18390443 0.59976891 0.05332307 0.51886728
 0.24489183 0.51309617]
2021-06-02 17:29:34,827 - pyswarms.single.local_best - INFO - Optimize for 10 iters with {'c1': 2.176273305824524, 'c2': 7.923245838258736, 'w': 4.1022010406229406, 'k': 13, 'p': 1}
2021-06-02 17:29:34,835 - pyswarms.single.local_best - INFO - Optimization finished | best cost: 4.579546111246881, best pos: [0.70053359 0.60709732 0.35667224 0.51371943 0.59490817 0.42738219
 0.78223852 0.18317497 0.03526265 0.204068   0.07770539 0.73540542
 0.43183463 0.35185639 0.08821987 0.16923934 0.33935457 0.69317169
 0.75417683 0.2149443 ]
2021-06-02 17:29:34,840 - pyswarms.single.local_best - INFO - Optimize for 10 iters with {'c1': 3.8125038795858366, 'c2': 8.94661138668556, 'w': 3.6145715941622263, 'k': 12, 'p': 1}
2021-06-02 17:29:34,847 - pyswarms.single.local_best - INFO - Optimization finished | best cost: 3.6290901156907167, best pos: [0.36490651 0.46482075 0.52751696 0.26663153 0.43728974 0.54724153
 0.43115124 0.70246468 0.29715004 0.12007698 0.09345447 0.14005843
 0.34465736 0.59879452 0.33653106 0.10074327 0.85705736 0.52623222
 0.13082983 0.00825287]
2021-06-02 17:29:34,852 - pyswarms.single.local_best - INFO - Optimize for 10 iters with {'c1': 2.688139142690477, 'c2': 7.7730038432215505, 'w': 3.1908502177436504, 'k': 13, 'p': 1}
2021-06-02 17:29:34,860 - pyswarms.single.local_best - INFO - Optimization finished | best cost: 3.9507275861128863, best pos: [0.08618781 0.38897733 0.13401424 0.09912395 0.82441568 0.28606085
 0.47783127 0.5836764  0.24491227 0.80075275 0.76119565 0.04848757
 0.22814601 0.23257917 0.08462967 0.14446995 0.11954857 0.04215356
 0.98999024 0.14294722]
2021-06-02 17:29:34,864 - pyswarms.single.local_best - INFO - Optimize for 10 iters with {'c1': 4.906520697088309, 'c2': 8.28257381403456, 'w': 3.320742175786179, 'k': 13, 'p': 1}
2021-06-02 17:29:34,872 - pyswarms.single.local_best - INFO - Optimization finished | best cost: 4.0297388899631885, best pos: [0.02864237 0.48629686 0.56822817 0.62813119 0.05530996 0.52385076
 0.14741933 0.34456423 0.6166792  0.70158284 0.01756156 0.77609708
 0.19510421 0.50161888 0.08263931 0.2592192  0.09251419 0.8400064
 0.19253467 0.25878371]
2021-06-02 17:29:34,876 - pyswarms.single.local_best - INFO - Optimize for 10 iters with {'c1': 1.6089506590814824, 'c2': 6.42626953518748, 'w': 2.0847362588185883, 'k': 13, 'p': 1}
2021-06-02 17:29:34,884 - pyswarms.single.local_best - INFO - Optimization finished | best cost: 4.3412019445648005, best pos: [0.08273205 0.19470459 0.05600276 0.78279992 0.34730561 0.38120123
 0.42587665 0.86533359 0.16174064 0.86353689 0.40427567 0.51621029
 0.03965912 0.18230091 0.32781345 0.31502628 0.401478   0.38776598
 0.42320153 0.74195863]
2021-06-02 17:29:34,888 - pyswarms.single.local_best - INFO - Optimize for 10 iters with {'c1': 4.472742907023563, 'c2': 6.308734776848698, 'w': 2.0343695094409737, 'k': 11, 'p': 1}
2021-06-02 17:29:34,895 - pyswarms.single.local_best - INFO - Optimization finished | best cost: 3.2652587074267077, best pos: [0.12414367 0.20898931 0.22938204 0.39566379 0.01290198 0.35016633
 0.15414248 0.66239912 0.25776344 0.96853366 0.0605358  0.31982608
 0.25528021 0.00266363 0.1973404  0.22662668 0.45497465 0.74805117
 0.52832449 0.3163055 ]
2021-06-02 17:29:34,899 - pyswarms.single.local_best - INFO - Optimize for 10 iters with {'c1': 3.3856915920083375, 'c2': 9.307857611720962, 'w': 3.694503043029872, 'k': 14, 'p': 1}
2021-06-02 17:29:34,906 - pyswarms.single.local_best - INFO - Optimization finished | best cost: 3.327537328070496, best pos: [0.19934029 0.36077189 0.73716366 0.26602797 0.36312236 0.03932053
 0.30408464 0.89022121 0.04306974 0.00347527 0.32065781 0.4781431
 0.14279258 0.37196254 0.07696964 0.13628896 0.48926286 0.27636812
 0.76829911 0.32016066]
2021-06-02 17:29:34,909 - pyswarms.single.local_best - INFO - Optimize for 10 iters with {'c1': 3.366556973116166, 'c2': 7.126554861279869, 'w': 3.294671513458901, 'k': 12, 'p': 1}
2021-06-02 17:29:34,915 - pyswarms.single.local_best - INFO - Optimization finished | best cost: 4.76450363118676, best pos: [0.38557421 0.63796998 0.5763813  0.0756159  0.57174589 0.28312012
 0.38758232 0.9229569  0.27967503 0.03317425 0.5347726  0.11350415
 0.80356263 0.12521823 0.59255913 0.01677038 0.12843091 0.82622915
 0.42511012 0.43695088]
2021-06-02 17:29:34,919 - pyswarms.single.local_best - INFO - Optimize for 10 iters with {'c1': 1.094059517685925, 'c2': 7.8323940905660585, 'w': 3.0906265791650918, 'k': 11, 'p': 1}
2021-06-02 17:29:34,926 - pyswarms.single.local_best - INFO - Optimization finished | best cost: 3.5128013489525345, best pos: [0.8568738  0.10378026 0.47107111 0.06836784 0.26707308 0.0408149
 0.9746129  0.34747504 0.49138072 0.25037857 0.32001536 0.19888073
 0.04759955 0.54435349 0.02773833 0.22669484 0.59723813 0.03665472
 0.30280497 0.38862709]
2021-06-02 17:29:34,931 - pyswarms.single.local_best - INFO - Optimize for 10 iters with {'c1': 1.3561980071771078, 'c2': 9.82782575005493, 'w': 4.292161384457621, 'k': 12, 'p': 1}
2021-06-02 17:29:34,941 - pyswarms.single.local_best - INFO - Optimization finished | best cost: 4.124409631634986, best pos: [0.11216342 0.60337886 0.60735751 0.32035956 0.50126856 0.18838679
 0.06262666 0.43203749 0.95170785 0.30182115 0.0694825  0.51406975
 0.06126693 0.55438864 0.52725737 0.20529636 0.8373078  0.07874472
 0.33900305 0.28198668]
2021-06-02 17:29:34,944 - pyswarms.single.local_best - INFO - Optimize for 10 iters with {'c1': 4.682043894133774, 'c2': 6.676958056116726, 'w': 2.8818334011113365, 'k': 14, 'p': 1}
2021-06-02 17:29:34,952 - pyswarms.single.local_best - INFO - Optimization finished | best cost: 4.068802232523111, best pos: [0.3435563  0.1322365  0.15849141 0.12275671 0.5580081  0.44091373
 0.09741211 0.82848457 0.46346808 0.18059951 0.25249007 0.4390472
 0.1439405  0.40685233 0.83316479 0.44026635 0.2144638  0.03862566
 0.82492157 0.62071074]
2021-06-02 17:29:34,956 - pyswarms.single.local_best - INFO - Optimize for 10 iters with {'c1': 4.4420399054829325, 'c2': 7.9272489131371175, 'w': 4.659600598326135, 'k': 12, 'p': 1}
2021-06-02 17:29:34,963 - pyswarms.single.local_best - INFO - Optimization finished | best cost: 3.7836893819973163, best pos: [0.4282805  0.11080968 0.51080772 0.47876577 0.07135715 0.11658292
 0.58970987 0.45762547 0.41114551 0.85292823 0.55389957 0.12106803
 0.182093   0.66976006 0.32187585 0.04130681 0.56134902 0.27717678
 0.12632292 0.55592241]
2021-06-02 17:29:34,968 - pyswarms.single.local_best - INFO - Optimize for 10 iters with {'c1': 1.9647911416158297, 'c2': 6.44729678220339, 'w': 3.640315527162079, 'k': 14, 'p': 1}
2021-06-02 17:29:34,976 - pyswarms.single.local_best - INFO - Optimization finished | best cost: 2.9375909057927343, best pos: [0.62904965 0.57993368 0.25228047 0.23249642 0.17958637 0.16297517
 0.56012181 0.03388318 0.11382791 0.64796998 0.15667179 0.201937
 0.01198458 0.13506273 0.39896979 0.75242212 0.36044094 0.00720594
 0.4830898  0.33011258]
2021-06-02 17:29:34,980 - pyswarms.single.local_best - INFO - Optimize for 10 iters with {'c1': 4.736059241907372, 'c2': 8.595196044090631, 'w': 3.7581744663958485, 'k': 11, 'p': 1}
2021-06-02 17:29:34,987 - pyswarms.single.local_best - INFO - Optimization finished | best cost: 4.672769504275507, best pos: [0.00927526 0.72219113 0.00286159 0.30739172 0.01347252 0.42264947
 0.80948555 0.73143961 0.81066095 0.93692662 0.1415443  0.29161664
 0.43168618 0.07998472 0.50993802 0.15447055 0.09815723 0.2816032
 0.63449898 0.28158559]
2021-06-02 17:29:34,992 - pyswarms.single.local_best - INFO - Optimize for 10 iters with {'c1': 4.313524606982959, 'c2': 9.045238563860112, 'w': 2.8758807125005856, 'k': 14, 'p': 1}
2021-06-02 17:29:34,999 - pyswarms.single.local_best - INFO - Optimization finished | best cost: 3.9317283930044913, best pos: [0.48380458 0.62149866 0.28716494 0.48945008 0.23760464 0.60042866
 0.68813045 0.08840424 0.22990935 0.1150479  0.87397264 0.65950228
 0.23540893 0.19213118 0.58665634 0.22736723 0.0966334  0.07523346
 0.5148099  0.24079063]
2021-06-02 17:29:35,004 - pyswarms.single.local_best - INFO - Optimize for 10 iters with {'c1': 3.4314740390331684, 'c2': 8.915375443602603, 'w': 4.199739502910788, 'k': 14, 'p': 1}
2021-06-02 17:29:35,012 - pyswarms.single.local_best - INFO - Optimization finished | best cost: 4.67244153560946, best pos: [0.3905701  0.09568406 0.75604787 0.37139096 0.51453531 0.62248504
 0.8760632  0.77513233 0.04049299 0.54883589 0.08351476 0.52679763
 0.36766136 0.03675267 0.23983277 0.29373224 0.6857379  0.57231585
 0.03796984 0.3372711 ]
2021-06-02 17:29:35,017 - pyswarms.single.local_best - INFO - Optimize for 10 iters with {'c1': 2.965567038658549, 'c2': 7.935717570302859, 'w': 4.236889111028232, 'k': 14, 'p': 1}
2021-06-02 17:29:35,025 - pyswarms.single.local_best - INFO - Optimization finished | best cost: 3.632453728322737, best pos: [0.23881876 0.07798267 0.60156351 0.16704928 0.02779543 0.19074631
 0.76919141 0.19643333 0.71787783 0.33501381 0.39262323 0.4005571
 0.0780245  0.03491938 0.02156651 0.81459831 0.52990896 0.38186871
 0.34887433 0.59185357]
2021-06-02 17:29:35,029 - pyswarms.single.local_best - INFO - Optimize for 10 iters with {'c1': 3.758467175203873, 'c2': 6.173520966377273, 'w': 3.2809481496262927, 'k': 13, 'p': 1}
2021-06-02 17:29:35,035 - pyswarms.single.local_best - INFO - Optimization finished | best cost: 4.341462389998794, best pos: [0.24513726 0.13279774 0.00683952 0.17969707 0.32516431 0.29862701
 0.40686031 0.30274472 0.10637664 0.5554464  0.00489054 0.91877329
 0.46921404 0.4459496  0.05413036 0.85018204 0.73023676 0.36613701
 0.39183773 0.80602804]
2021-06-02 17:29:35,041 - pyswarms.single.local_best - INFO - Optimize for 10 iters with {'c1': 1.3656168167752272, 'c2': 7.389469701366393, 'w': 3.6627344492810057, 'k': 12, 'p': 1}
2021-06-02 17:29:35,048 - pyswarms.single.local_best - INFO - Optimization finished | best cost: 3.6789965092347803, best pos: [0.30754102 0.63724648 0.47847599 0.0949529  0.33357569 0.24645497
 0.17619811 0.51248879 0.45309358 0.49592015 0.47491987 0.83572716
 0.15750439 0.24594533 0.78184495 0.14523061 0.42367448 0.3865605
 0.03107845 0.22779117]
2021-06-02 17:29:35,052 - pyswarms.single.local_best - INFO - Optimize for 10 iters with {'c1': 3.868177354540425, 'c2': 8.508240202829075, 'w': 2.026605350131028, 'k': 12, 'p': 1}
2021-06-02 17:29:35,059 - pyswarms.single.local_best - INFO - Optimization finished | best cost: 2.191028043325084, best pos: [0.14242835 0.22019386 0.13771955 0.53482194 0.56282789 0.26604726
 0.31025901 0.61366474 0.42768464 0.3233278  0.048441   0.09889482
 0.19613965 0.29525375 0.09180508 0.12700575 0.29865474 0.56737082
 0.28887996 0.11185888]
2021-06-02 17:29:35,065 - pyswarms.single.local_best - INFO - Optimize for 10 iters with {'c1': 3.6184837737186997, 'c2': 6.544070769871096, 'w': 2.807626505844847, 'k': 11, 'p': 1}
2021-06-02 17:29:35,073 - pyswarms.single.local_best - INFO - Optimization finished | best cost: 3.644961192242865, best pos: [0.41623841 0.66065101 0.07588638 0.57728584 0.25295245 0.17784419
 0.48437772 0.85978113 0.41105933 0.40489086 0.1757906  0.28558456
 0.08424611 0.5793018  0.06834215 0.02214962 0.43155592 0.41622309
 0.39567164 0.56348537]
2021-06-02 17:29:35,077 - pyswarms.single.local_best - INFO - Optimize for 10 iters with {'c1': 2.9039464532513364, 'c2': 6.680512245644229, 'w': 3.385515357865821, 'k': 13, 'p': 1}
2021-06-02 17:29:35,084 - pyswarms.single.local_best - INFO - Optimization finished | best cost: 4.589507054691246, best pos: [0.09941896 0.19681335 0.51478613 0.51952634 0.42125695 0.16806372
 0.17161762 0.6947755  0.29584619 0.18583912 0.36911738 0.4110802
 0.52464931 0.37433917 0.67584084 0.51748326 0.10982618 0.423112
 0.93289473 0.81209377]
2021-06-02 17:29:35,088 - pyswarms.single.local_best - INFO - Optimize for 10 iters with {'c1': 2.290761331013612, 'c2': 6.2341152239025925, 'w': 4.887729190009082, 'k': 11, 'p': 1}
2021-06-02 17:29:35,094 - pyswarms.single.local_best - INFO - Optimization finished | best cost: 3.4287889602390367, best pos: [0.34871148 0.41112234 0.94886962 0.14405527 0.08909818 0.18031685
 0.67603344 0.52307651 0.13597355 0.60305964 0.24972049 0.07148861
 0.41531438 0.25674276 0.05676731 0.19362503 0.02427417 0.17165863
 0.25447037 0.7889306 ]
2021-06-02 17:29:35,098 - pyswarms.single.local_best - INFO - Optimize for 10 iters with {'c1': 4.325948671942592, 'c2': 8.041513823984088, 'w': 3.981010134357178, 'k': 11, 'p': 1}
2021-06-02 17:29:35,105 - pyswarms.single.local_best - INFO - Optimization finished | best cost: 3.1189709234095475, best pos: [0.21060476 0.00128004 0.54093665 0.71116518 0.07428004 0.18326144
 0.25905721 0.02091565 0.56282411 0.41091936 0.36179317 0.75037423
 0.48575761 0.33110425 0.35885741 0.34239451 0.60605181 0.00561105
 0.1748376  0.02265217]
2021-06-02 17:29:35,108 - pyswarms.single.local_best - INFO - Optimize for 10 iters with {'c1': 1.5556949929060133, 'c2': 9.850405692298565, 'w': 4.044503473950398, 'k': 13, 'p': 1}
2021-06-02 17:29:35,115 - pyswarms.single.local_best - INFO - Optimization finished | best cost: 3.0735512622591807, best pos: [0.34128898 0.07544584 0.2295071  0.06704731 0.12086942 0.06946792
 0.72224147 0.27331722 0.20495748 0.07950567 0.2345113  0.53558993
 0.48100541 0.42717723 0.51487598 0.639841   0.71108628 0.18334478
 0.18137683 0.4772464 ]
2021-06-02 17:29:35,118 - pyswarms.single.local_best - INFO - Optimize for 10 iters with {'c1': 2.292533193377103, 'c2': 8.792304327175138, 'w': 2.4847764270346397, 'k': 11, 'p': 1}
2021-06-02 17:29:35,124 - pyswarms.single.local_best - INFO - Optimization finished | best cost: 4.215162335858788, best pos: [0.12532269 0.0577422  0.64024317 0.84645431 0.1081271  0.68746868
 0.40870112 0.14789465 0.51007639 0.27531171 0.37777971 0.51553782
 0.63592683 0.13017006 0.05345721 0.56693304 0.12335128 0.2876845
 0.77753783 0.4515307 ]
2021-06-02 17:29:35,127 - pyswarms.single.local_best - INFO - Optimize for 10 iters with {'c1': 1.5946058338302, 'c2': 7.201313144812342, 'w': 2.483946387708051, 'k': 12, 'p': 1}
2021-06-02 17:29:35,135 - pyswarms.single.local_best - INFO - Optimization finished | best cost: 3.5611264435454704, best pos: [0.14513184 0.82631728 0.26062383 0.08738945 0.80512979 0.18447236
 0.42016416 0.41017697 0.29001117 0.46212377 0.28076678 0.48868685
 0.46164662 0.50768849 0.01727803 0.59552328 0.25273504 0.43214608
 0.233083   0.09262738]
2021-06-02 17:29:35,138 - pyswarms.single.local_best - INFO - Optimize for 10 iters with {'c1': 3.656703885438736, 'c2': 7.661972934003757, 'w': 2.5828588353137847, 'k': 12, 'p': 1}
2021-06-02 17:29:35,144 - pyswarms.single.local_best - INFO - Optimization finished | best cost: 4.414095124103357, best pos: [0.44639119 0.94313254 0.30485383 0.63910603 0.02957131 0.09353602
 0.74432546 0.507163   0.5323411  0.30565423 0.10944058 0.0789848
 0.7300715  0.59287417 0.26834187 0.37797551 0.28081926 0.07903086
 0.14835794 0.63368817]
2021-06-02 17:29:35,148 - pyswarms.single.local_best - INFO - Optimize for 10 iters with {'c1': 4.749385248094253, 'c2': 8.704969804009691, 'w': 4.0632038659662815, 'k': 12, 'p': 1}
2021-06-02 17:29:35,154 - pyswarms.single.local_best - INFO - Optimization finished | best cost: 4.144552209092256, best pos: [0.59721883 0.19748055 0.12530346 0.28783295 0.46661542 0.01136709
 0.62759582 0.87102649 0.17956582 0.10103479 0.36635223 0.53223795
 0.34319501 0.5078499  0.47452949 0.55041308 0.73121386 0.5955456
 0.141026   0.08309563]
2021-06-02 17:29:35,158 - pyswarms.single.local_best - INFO - Optimize for 10 iters with {'c1': 1.0322715771863171, 'c2': 6.321695668799329, 'w': 2.440862141600088, 'k': 13, 'p': 1}
2021-06-02 17:29:35,165 - pyswarms.single.local_best - INFO - Optimization finished | best cost: 4.081783189069634, best pos: [0.18295027 0.02806448 0.84161522 0.92329578 0.47960341 0.12350995
 0.43626736 0.32309947 0.15646056 0.50162369 0.62581118 0.40061964
 0.58691059 0.25414761 0.41572984 0.34004522 0.30315724 0.40256138
 0.40705585 0.036378  ]
2021-06-02 17:29:35,170 - pyswarms.single.local_best - INFO - Optimize for 10 iters with {'c1': 4.076769929169345, 'c2': 9.784269276442643, 'w': 2.99792242304456, 'k': 14, 'p': 1}
2021-06-02 17:29:35,177 - pyswarms.single.local_best - INFO - Optimization finished | best cost: 3.070650652900276, best pos: [0.32483487 0.4816762  0.0119041  0.42565642 0.74204582 0.18305136
 0.30898938 0.13694793 0.36116671 0.47075283 0.00225586 0.43689093
 0.75981707 0.15955465 0.1669694  0.26610028 0.51729568 0.22948092
 0.02557838 0.53676826]
2021-06-02 17:29:35,181 - pyswarms.single.local_best - INFO - Optimize for 10 iters with {'c1': 3.5994435060653305, 'c2': 9.813832532343914, 'w': 3.1253637828325904, 'k': 11, 'p': 1}
2021-06-02 17:29:35,188 - pyswarms.single.local_best - INFO - Optimization finished | best cost: 3.8119049727674166, best pos: [0.25335048 0.24516506 0.04539405 0.4701559  0.44410107 0.67377462
 0.08968361 0.83305847 0.28498326 0.30106305 0.5088364  0.09893987
 0.63881151 0.43375719 0.22379122 0.1648587  0.03249094 0.16986419
 0.16237588 0.97002994]
2021-06-02 17:29:35,191 - pyswarms.single.local_best - INFO - Optimize for 10 iters with {'c1': 1.7110538832850537, 'c2': 8.893054028514653, 'w': 4.90209002516599, 'k': 14, 'p': 1}
2021-06-02 17:29:35,202 - pyswarms.single.local_best - INFO - Optimization finished | best cost: 3.55109490785413, best pos: [0.87310812 0.29927604 0.63978443 0.35937491 0.25475231 0.04287152
 0.41851694 0.17690922 0.12796633 0.11281297 0.04694433 0.22412402
 0.70521693 0.66719656 0.15226307 0.54068135 0.61258395 0.033029
 0.16972489 0.37795492]
2021-06-02 17:29:35,206 - pyswarms.single.local_best - INFO - Optimize for 10 iters with {'c1': 2.172310626990367, 'c2': 7.184722228515385, 'w': 3.6474187991141154, 'k': 11, 'p': 1}
2021-06-02 17:29:35,214 - pyswarms.single.local_best - INFO - Optimization finished | best cost: 3.688473407546661, best pos: [0.44854436 0.48549382 0.0098193  0.11716308 0.16007491 0.03055606
 0.10714401 0.25391007 0.71998758 0.17023266 0.17061575 0.08384632
 0.25540176 0.80141467 0.74417843 0.13288147 0.47022542 0.06635957
 0.87195292 0.53569815]
2021-06-02 17:29:35,218 - pyswarms.single.local_best - INFO - Optimize for 10 iters with {'c1': 1.2559435912291512, 'c2': 6.354031234353121, 'w': 3.8068741244968076, 'k': 14, 'p': 1}
2021-06-02 17:29:35,225 - pyswarms.single.local_best - INFO - Optimization finished | best cost: 4.183512143056802, best pos: [0.56877765 0.82721833 0.57395127 0.46328554 0.50750057 0.5125592
 0.45690923 0.69056602 0.12340383 0.39213622 0.52035739 0.06033111
 0.66405593 0.09034638 0.27894535 0.18729219 0.35108897 0.35352141
 0.05775373 0.41076785]
2021-06-02 17:29:35,230 - pyswarms.single.local_best - INFO - Optimize for 10 iters with {'c1': 4.797347456015771, 'c2': 9.280324693027925, 'w': 4.791373162404186, 'k': 11, 'p': 1}
2021-06-02 17:29:35,238 - pyswarms.single.local_best - INFO - Optimization finished | best cost: 3.9649616243682004, best pos: [0.31161585 0.40405351 0.68597619 0.50952842 0.28096185 0.08241244
 0.80775811 0.14805417 0.12468952 0.48700766 0.79026092 0.10952829
 0.18955561 0.02828331 0.36719308 0.30678947 0.39179618 0.42988225
 0.75434309 0.38992283]
2021-06-02 17:29:35,244 - pyswarms.single.local_best - INFO - Optimize for 10 iters with {'c1': 1.9768799990979344, 'c2': 7.321631936390837, 'w': 4.127927048405971, 'k': 13, 'p': 1}
2021-06-02 17:29:35,251 - pyswarms.single.local_best - INFO - Optimization finished | best cost: 4.047057353247018, best pos: [0.28506797 0.49686174 0.17709191 0.36703338 0.38696339 0.42210863
 0.3457691  0.83835507 0.32494834 0.1924194  0.04126132 0.6930702
 0.71571262 0.90648649 0.24763099 0.36527306 0.11191755 0.15248699
 0.17090955 0.42915494]
2021-06-02 17:29:35,255 - pyswarms.single.local_best - INFO - Optimize for 10 iters with {'c1': 4.319691548446071, 'c2': 8.104674422923546, 'w': 4.826469512823815, 'k': 14, 'p': 1}
2021-06-02 17:29:35,261 - pyswarms.single.local_best - INFO - Optimization finished | best cost: 4.6340906775673405, best pos: [0.21602637 0.93387295 0.15418022 0.07239549 0.96371732 0.30797697
 0.07151931 0.78860316 0.12689295 0.04324699 0.52153082 0.59692548
 0.95578614 0.39271953 0.07588503 0.1463734  0.11327627 0.43475273
 0.30192991 0.03810457]
2021-06-02 17:29:35,265 - pyswarms.single.local_best - INFO - Optimize for 10 iters with {'c1': 2.0908871647039233, 'c2': 8.590544163101335, 'w': 3.6125817687260806, 'k': 11, 'p': 1}
2021-06-02 17:29:35,272 - pyswarms.single.local_best - INFO - Optimization finished | best cost: 3.0239124045244594, best pos: [0.72075446 0.16259512 0.20968456 0.05116407 0.48544545 0.18216005
 0.40305137 0.12758796 0.9019403  0.6013905  0.38178461 0.49049451
 0.08109005 0.09516568 0.19674952 0.11308283 0.22508018 0.37600206
 0.23617698 0.3276806 ]
2021-06-02 17:29:35,279 - pyswarms.single.local_best - INFO - Optimize for 10 iters with {'c1': 1.7159885126450178, 'c2': 9.045205127601994, 'w': 3.3780600711185076, 'k': 14, 'p': 1}
2021-06-02 17:29:35,286 - pyswarms.single.local_best - INFO - Optimization finished | best cost: 3.9561213595799676, best pos: [0.54333732 0.1180776  0.40774732 0.59041187 0.44515677 0.13120941
 0.39477899 0.023835   0.68895869 0.22114165 0.80730939 0.02415878
 0.31157358 0.10200489 0.73095185 0.07476189 0.27793687 0.74981604
 0.53613303 0.10072773]
2021-06-02 17:35:28,600 - pyswarms.single.local_best - INFO - Optimize for 10 iters with {'c1': 4.564924211920504, 'c2': 8.563568688092566, 'w': 4.62499890776774, 'k': 11, 'p': 1}
2021-06-02 17:50:46,410 - pyswarms.single.global_best - INFO - Optimize for 1000 iters with {'c1': 0.5, 'c2': 0.3, 'w': 0.9}
2021-06-02 17:51:15,028 - pyswarms.single.global_best - INFO - Optimization finished | best cost: 0.004103982577648194, best pos: [ 2.98035424e-01  7.82123652e+00  7.44569457e-01  2.00713456e-01
  4.37582286e-01 -1.50305759e-01 -2.54240515e-01 -1.19632991e+00
  1.96200824e+00  9.44423361e-01  3.63200179e-02 -1.09635232e+00
  1.97483097e+00  5.27508930e-01  6.36616550e-01  1.52656514e+00
  6.80470356e-01  6.00798036e-01  4.54339435e-01  1.35123935e-01
  2.81972999e-01  9.39068657e-01 -1.29535310e-01  5.88851649e-02
  7.67790526e-01  5.19944082e-01  1.25114790e-01  3.11211935e-01
  2.15330559e-01  2.11064033e+00 -2.00341667e+00  6.79540534e-01
  1.30651714e+00 -2.53230109e-01  1.65398294e-01  7.95927767e-01
  5.40062988e-01 -4.43254328e-01  9.88787327e-01  4.71669291e-01
 -1.15564265e+00  8.74024081e-01 -8.57831065e-01  2.03297540e-01
  2.51552978e+01 -1.26984162e+00  6.11566637e-01 -3.17133833e-01
  7.15873473e-01  6.90015617e-01  8.17025506e-01  9.10045555e-01
  1.02680375e+00  1.50725487e-01 -5.00641916e-01  1.12824175e+00
  9.01302896e-01  1.03637931e+00  2.16788937e+00  7.27005458e-01
 -1.28475080e+00  1.52528030e+00  1.87283732e+00  1.51029228e+00
  6.50945368e-01  1.05733584e+00  2.31839683e-01  2.46968119e-01
  2.83353688e-01  1.18416416e+00  1.08056089e+00  8.05124674e-01
  1.48382696e+00  4.24325848e-01 -9.25611386e-01 -6.22402584e-01
  8.17225023e-01  2.60148836e-01 -8.99988121e+00  1.82160655e+00
 -4.74304544e-01 -4.15987986e-01  6.49658787e-01  9.17749308e-01
  9.79585323e-01  3.31986283e+00 -6.67848180e-01  3.28909889e-01
  3.82059051e-01  7.79637703e-01  1.31227286e+00  1.47841429e-01
  3.95338153e-01  1.26807136e+00  3.30255875e-01  3.25945275e-01
  1.24160600e+00  3.46175253e+00 -1.95068445e-01 -1.21567993e+00
  5.06001166e-01  1.10847100e-01  1.73067732e-01  2.81682630e-01
  4.29897398e-01  3.20533905e-01  3.14740522e-01  1.20513590e+00
 -1.76781983e+00  9.59391532e-01 -4.74849560e-02 -3.64564510e-01
  1.44287197e+00 -6.91386708e-01 -4.92156924e-01  9.11954999e-01
  1.78466755e+00 -8.86542961e+01 -4.05033509e-01  3.95004464e-01
  6.02626330e+00  4.96689146e-01  7.52075744e-01  2.31542303e-01
 -6.11582573e-02  6.82682378e-01  8.49048761e-01  3.58631956e-01
  3.94835385e-01  4.61550949e-01 -1.36398269e+00  3.73198666e+01
 -3.36623891e+00 -2.48263453e+00  1.05836790e+00  5.00938987e+00
 -1.07040607e+00  9.80713189e-01  8.57209593e-01  3.71739829e-01
 -4.73778124e-01  5.63652879e-01  5.95703306e-01 -6.26298536e-01
  5.05956963e-01 -8.36683719e-01 -2.56270818e-02 -9.17080769e-01
 -7.34937853e-02 -1.46615285e+00  7.96706850e-01  2.27518751e+00
 -7.25598542e-02  3.72057946e-01  1.36280271e+00  3.80603058e+01
 -2.57165899e+00  1.03249102e+00  2.51909128e-01 -1.02035303e+00
 -1.43708145e+00  6.94402693e-01  1.69285559e+00]
2021-06-02 17:53:44,022 - pyswarms.single.global_best - INFO - Optimize for 1000 iters with {'c1': 0.5, 'c2': 0.3, 'w': 0.9}
2021-06-02 17:53:50,565 - pyswarms.single.global_best - INFO - Optimize for 1000 iters with {'c1': (1, 5), 'c2': (6, 10), 'w': (2, 5), 'k': (11, 15), 'p': 1}
2021-06-02 17:54:55,307 - pyswarms.single.global_best - INFO - Optimize for 1000 iters with {'c1': 0.5, 'c2': 0.3, 'w': 0.9}
2021-06-02 17:54:56,694 - pyswarms.single.global_best - INFO - Optimization finished | best cost: -874143402194153.4, best pos: [-2.18664829e+01 -1.06916101e+01 -1.81834009e+01 -2.47112362e+01
 -2.80897336e+01 -9.79094964e+00 -2.38477479e+01 -2.17179577e+01
 -1.02973668e+01 -3.07575637e+01 -1.14128115e+01 -8.74143402e+14
 -1.26892369e+01 -1.63316112e+01 -1.29040432e+01 -1.25155763e+01
 -2.00054177e+01 -1.82846257e+01 -1.24713610e+01 -8.48834446e+00]
2021-06-02 17:55:05,422 - pyswarms.single.global_best - INFO - Optimize for 1000 iters with {'c1': 0.5, 'c2': 0.3, 'w': 0.9}
2021-06-02 17:55:06,835 - pyswarms.single.global_best - INFO - Optimization finished | best cost: -1.0872401039178926e+16, best pos: [-2.87594972e+01 -6.57318090e+00 -7.18762246e+00 -2.58104188e+01
 -9.52089729e+00 -1.08724010e+16 -4.46986963e+01 -2.53042705e+01
 -1.06502563e+01 -3.87242459e+00 -6.87685261e+00 -1.12532406e+01
 -3.61941305e+01 -1.70471272e+01 -2.09440499e+01 -1.65732556e+01
 -1.61890846e+01 -9.54592768e+00 -6.91716476e+00 -2.51752000e+00]
2021-06-02 17:55:43,008 - pyswarms.single.global_best - INFO - Optimize for 1000 iters with {'c1': 0.5, 'c2': 0.3, 'w': 0.9}
2021-06-02 17:55:44,402 - pyswarms.single.global_best - INFO - Optimization finished | best cost: 0.0, best pos: [-0.34785378  0.60462438 -0.73256772  0.29062982  0.18684166  0.21791402
  0.1949319  -0.73818135 -0.58005017  0.17325992 -0.27967131 -0.91803992
  0.09708538 -0.18977622 -0.48735816  0.16060475  0.1014455   0.31463028
 -0.28647354 -0.91590049]
2021-06-02 18:02:48,380 - pyswarms.backend.generators - ERROR - generate_swarm() takes an int for n_particles and dimensions and an array for bounds
Traceback (most recent call last):
  File "C:\Users\Ruurd\anaconda3\envs\geo_env\lib\site-packages\pyswarms\backend\generators.py", line 81, in generate_swarm
    pos = center * np.random.uniform(
  File "mtrand.pyx", line 1125, in numpy.random.mtrand.RandomState.uniform
  File "_common.pyx", line 541, in numpy.random._common.cont
  File "_common.pyx", line 449, in numpy.random._common.cont_broadcast_2
TypeError: 'tuple' object cannot be interpreted as an integer
2021-06-02 18:03:39,384 - pyswarms.backend.generators - ERROR - generate_swarm() takes an int for n_particles and dimensions and an array for bounds
Traceback (most recent call last):
  File "C:\Users\Ruurd\anaconda3\envs\geo_env\lib\site-packages\pyswarms\backend\generators.py", line 81, in generate_swarm
    pos = center * np.random.uniform(
  File "mtrand.pyx", line 1125, in numpy.random.mtrand.RandomState.uniform
  File "_common.pyx", line 541, in numpy.random._common.cont
  File "_common.pyx", line 449, in numpy.random._common.cont_broadcast_2
TypeError: 'tuple' object cannot be interpreted as an integer
2021-06-02 18:04:08,183 - pyswarms.backend.generators - ERROR - generate_swarm() takes an int for n_particles and dimensions and an array for bounds
Traceback (most recent call last):
  File "C:\Users\Ruurd\anaconda3\envs\geo_env\lib\site-packages\pyswarms\backend\generators.py", line 81, in generate_swarm
    pos = center * np.random.uniform(
  File "mtrand.pyx", line 1125, in numpy.random.mtrand.RandomState.uniform
  File "_common.pyx", line 541, in numpy.random._common.cont
  File "_common.pyx", line 449, in numpy.random._common.cont_broadcast_2
TypeError: 'tuple' object cannot be interpreted as an integer
2021-06-02 18:10:13,007 - pyswarms.single.global_best - INFO - Optimize for 1000 iters with {'c1': 0.5, 'c2': 0.3, 'w': 0.9}
2021-06-02 18:10:14,821 - pyswarms.single.global_best - INFO - Optimization finished | best cost: 27.134684394868906, best pos: [0.23993502 0.55137954 0.68664705 0.11327244 0.52282598 1.04043502
 0.74898577 0.52952627 0.55217676 0.17895209 0.05443678 1.24913219
 1.12979647 0.81401106 0.25385726 0.10191257 0.50082641 0.49453264
 1.66300283 0.51689826 1.43766898 0.21966324 0.73643705 1.57805167
 0.56697475 0.28205368 0.06066263 0.60965435 0.9042479  0.31948526
 1.29664903 0.15512788 0.60490673 0.80469371 0.06918599 0.32354339
 0.43162517 0.55960537 0.61296809 0.28481829 0.69093575 0.24834298
 0.23152347 0.30219067 0.39841385 1.12206035 0.34065175]
2021-06-02 18:10:31,646 - pyswarms.single.global_best - INFO - Optimize for 5000 iters with {'c1': 0.5, 'c2': 0.3, 'w': 0.9}
2021-06-02 18:10:46,414 - pyswarms.single.global_best - INFO - Optimization finished | best cost: 27.77438017095843, best pos: [0.65848736 0.26517299 0.8025091  0.3532216  0.64841765 0.01137938
 0.14317188 0.40673463 0.96501725 1.0167058  1.00397375 0.09112758
 0.6223629  0.80896384 0.28414736 0.46998265 0.38442547 0.08297618
 0.47682442 0.5647657  0.56659469 0.08458807 0.95429175 0.32674388
 0.70832964 0.23165926 0.05125084 1.20756124 0.80612626 0.28008581
 1.45915411 0.0785923  1.92245786 1.45767936 1.41357012 0.09245777
 0.94380282 0.77998282 0.33954511 0.63871171 1.12862996 0.35829344
 1.02521998 0.16970564 0.27900821 0.25114192 0.15882815]
2021-06-02 18:12:09,415 - pyswarms.single.global_best - INFO - Optimize for 5000 iters with {'c1': 0.5, 'c2': 0.3, 'w': 0.9}
2021-06-02 18:12:21,774 - pyswarms.single.global_best - INFO - Optimize for 5000 iters with {'c1': 0.5, 'c2': 0.3, 'w': 0.9}
2021-06-02 18:12:30,117 - pyswarms.single.global_best - INFO - Optimize for 1000 iters with {'c1': 0.5, 'c2': 0.3, 'w': 0.9}
2021-06-02 18:12:34,119 - pyswarms.single.global_best - INFO - Optimization finished | best cost: 0.0030459334295546217, best pos: [1.10808919 1.13583044 1.11046854 0.87115839 1.11056897 1.16047904
 1.10827761 1.10727833 1.13606464 1.11646079 1.02343477 1.2022667
 1.00718798 1.11023508 1.13926027 1.09547893 1.10833057 1.11287631
 1.10701638 1.10842265 1.10980964 1.11093107 1.11111162 1.11133508
 1.11093331 1.11873565 1.11127703 1.1086836  1.10960095 1.11179625
 1.10941373 1.10689988 1.1244629  1.10886623 1.05235789 1.11391884
 1.04833523 1.30709057 1.11063497 1.1730909  1.11065027 1.07196475
 1.11225475 1.11405642 1.10666351 1.05387855 1.11253979]
